RUN	computerdatabase.ComputerDatabaseSimulation	computerdatabasesimulation	1703269820775	 	3.8.4
USER	Users	START	1703269822895
USER	Admins	START	1703269822895
REQUEST		Home	1703269822883	1703269823007	OK	 
REQUEST		Home Redirect 1	1703269823013	1703269823072	OK	 
REQUEST		Home	1703269822883	1703269823340	OK	 
REQUEST		Home Redirect 1	1703269823340	1703269823379	OK	 
USER	Users	START	1703269823848
REQUEST		Home	1703269823847	1703269823949	OK	 
REQUEST		Home Redirect 1	1703269823949	1703269823988	OK	 
REQUEST		Search	1703269824103	1703269824135	OK	 
REQUEST		Search	1703269824390	1703269824424	OK	 
USER	Users	START	1703269824856
REQUEST		Home	1703269824855	1703269824949	OK	 
REQUEST		Home Redirect 1	1703269824950	1703269824991	OK	 
REQUEST		Search	1703269824995	1703269825024	OK	 
REQUEST		Select	1703269825212	1703269825243	OK	 
REQUEST		Select	1703269825430	1703269825467	OK	 
USER	Users	START	1703269825851
REQUEST		Home	1703269825851	1703269825929	OK	 
REQUEST		Home Redirect 1	1703269825930	1703269825969	OK	 
REQUEST		Search	1703269826007	1703269826034	OK	 
REQUEST		Select	1703269826038	1703269826066	OK	 
REQUEST		Page 0	1703269826258	1703269826294	OK	 
REQUEST		Page 0	1703269826473	1703269826502	OK	 
USER	Users	START	1703269826854
REQUEST		Home	1703269826853	1703269826939	OK	 
REQUEST		Home Redirect 1	1703269826939	1703269826976	OK	 
REQUEST		Search	1703269826986	1703269827026	OK	 
REQUEST		Select	1703269827046	1703269827074	OK	 
REQUEST		Page 0	1703269827077	1703269827105	OK	 
REQUEST		Page 1	1703269827296	1703269827325	OK	 
REQUEST		Page 1	1703269827515	1703269827542	OK	 
USER	Admins	START	1703269827842
USER	Users	START	1703269827842
REQUEST		Home	1703269827842	1703269827914	OK	 
REQUEST		Home	1703269827842	1703269827919	OK	 
REQUEST		Home Redirect 1	1703269827915	1703269827948	OK	 
REQUEST		Home Redirect 1	1703269827919	1703269827953	OK	 
REQUEST		Search	1703269827980	1703269828006	OK	 
REQUEST		Select	1703269828042	1703269828070	OK	 
REQUEST		Page 0	1703269828090	1703269828116	OK	 
REQUEST		Page 1	1703269828122	1703269828146	OK	 
REQUEST		Page 2	1703269828339	1703269828364	OK	 
REQUEST		Page 2	1703269828556	1703269828581	OK	 
USER	Users	START	1703269828852
REQUEST		Home	1703269828852	1703269828947	OK	 
REQUEST		Home Redirect 1	1703269828948	1703269828985	OK	 
REQUEST		Search	1703269828961	1703269828989	OK	 
REQUEST		Search	1703269828961	1703269828992	OK	 
REQUEST		Select	1703269829021	1703269829048	OK	 
REQUEST		Page 0	1703269829084	1703269829113	OK	 
REQUEST		Page 1	1703269829130	1703269829155	OK	 
REQUEST		Page 2	1703269829161	1703269829189	OK	 
REQUEST		Page 3	1703269829380	1703269829407	OK	 
REQUEST		Page 3	1703269829596	1703269829623	OK	 
USER	Users	START	1703269829846
REQUEST		Home	1703269829845	1703269829930	OK	 
REQUEST		Home Redirect 1	1703269829930	1703269829961	OK	 
REQUEST		Search	1703269829987	1703269830012	OK	 
REQUEST		Select	1703269830002	1703269830025	OK	 
REQUEST		Select	1703269830002	1703269830025	OK	 
REQUEST		Page 0	1703269830049	1703269830073	OK	 
REQUEST		Page 1	1703269830127	1703269830155	OK	 
REQUEST		Page 2	1703269830158	1703269830198	OK	 
REQUEST		Page 3	1703269830205	1703269830241	OK	 
REQUEST		Form	1703269830424	1703269830452	OK	 
USER	Users	END	1703269830642
USER	Users	START	1703269830861
REQUEST		Home	1703269830860	1703269830933	OK	 
REQUEST		Home Redirect 1	1703269830934	1703269830970	OK	 
REQUEST		Search	1703269830969	1703269830994	OK	 
REQUEST		Page 0	1703269831029	1703269831055	OK	 
REQUEST		Page 0	1703269831029	1703269831058	OK	 
REQUEST		Select	1703269831029	1703269831065	OK	 
REQUEST		Page 1	1703269831075	1703269831100	OK	 
REQUEST		Page 2	1703269831169	1703269831195	OK	 
REQUEST		Page 3	1703269831200	1703269831225	OK	 
USER	Users	END	1703269831247
REQUEST		Post	1703269831464	1703269831486	OK	 
REQUEST		Post Redirect 1	1703269831492	1703269831543	KO	status.find.is(201), but actually found 200
REQUEST		Form	1703269831548	1703269831575	OK	 
USER	Users	START	1703269831854
REQUEST		Home	1703269831853	1703269831946	OK	 
REQUEST		Home Redirect 1	1703269831947	1703269831977	OK	 
REQUEST		Search	1703269831977	1703269832001	OK	 
REQUEST		Select	1703269832005	1703269832028	OK	 
REQUEST		Page 0	1703269832066	1703269832092	OK	 
REQUEST		Page 1	1703269832066	1703269832093	OK	 
REQUEST		Page 1	1703269832066	1703269832093	OK	 
REQUEST		Page 2	1703269832114	1703269832139	OK	 
REQUEST		Page 3	1703269832207	1703269832234	OK	 
USER	Users	END	1703269832241
REQUEST		Post	1703269832582	1703269832606	OK	 
REQUEST		Post Redirect 1	1703269832606	1703269832628	OK	 
USER	Admins	END	1703269832630
REQUEST		Search	1703269832986	1703269833014	OK	 
REQUEST		Select	1703269833017	1703269833045	OK	 
REQUEST		Page 0	1703269833033	1703269833065	OK	 
REQUEST		Page 2	1703269833095	1703269833116	OK	 
REQUEST		Page 1	1703269833095	1703269833116	OK	 
REQUEST		Page 2	1703269833095	1703269833116	OK	 
REQUEST		Page 3	1703269833141	1703269833166	OK	 
USER	Users	END	1703269833249
REQUEST		Select	1703269834025	1703269834050	OK	 
REQUEST		Page 0	1703269834055	1703269834079	OK	 
REQUEST		Page 1	1703269834071	1703269834093	OK	 
REQUEST		Page 2	1703269834134	1703269834161	OK	 
REQUEST		Page 3	1703269834134	1703269834161	OK	 
REQUEST		Page 3	1703269834134	1703269834161	OK	 
USER	Users	END	1703269834182
REQUEST		Page 0	1703269835062	1703269835089	OK	 
REQUEST		Page 1	1703269835093	1703269835116	OK	 
REQUEST		Page 2	1703269835109	1703269835172	OK	 
USER	Users	END	1703269835173
REQUEST		Form	1703269835172	1703269835240	OK	 
REQUEST		Page 3	1703269835172	1703269835240	OK	 
REQUEST		Page 1	1703269836100	1703269836145	OK	 
REQUEST		Page 2	1703269836130	1703269836214	OK	 
REQUEST		Page 3	1703269836177	1703269836237	OK	 
USER	Users	END	1703269836255
REQUEST		Post	1703269836255	1703269836351	OK	 
REQUEST		Post Redirect 1	1703269836352	1703269836420	KO	status.find.is(201), but actually found 200
REQUEST		Form	1703269836421	1703269836489	OK	 
REQUEST		Page 2	1703269837160	1703269837185	OK	 
USER	Users	END	1703269837252
REQUEST		Page 3	1703269837222	1703269837272	OK	 
REQUEST		Post	1703269837498	1703269837530	OK	 
REQUEST		Post Redirect 1	1703269837530	1703269837582	OK	 
USER	Admins	END	1703269837583
REQUEST		Page 3	1703269838201	1703269838270	OK	 
USER	Users	END	1703269838280
USER	Users	END	1703269839283
